current directory: /Users/labasedeoperaciones/workspace/PLT/gems/io-console-0.7.1/ext/io/console
/Users/labasedeoperaciones/.rbenv/versions/3.2.2/bin/ruby extconf.rb
checking for rb_io_path()... no
checking for rb_io_descriptor()... yes
checking for rb_io_get_write_io()... yes
checking for rb_io_closed_p()... no
checking for rb_io_open_descriptor()... no
checking for termios.h... yes
checking for cfmakeraw() in termios.h... yes
checking for sys/ioctl.h... yes
checking for HAVE_RUBY_FIBER_SCHEDULER_H... yes
creating Makefile

current directory: /Users/labasedeoperaciones/workspace/PLT/gems/io-console-0.7.1/ext/io/console
make DESTDIR\= sitearchdir\=./.gem.20231221-15848-wafv2h sitelibdir\=./.gem.20231221-15848-wafv2h clean

current directory: /Users/labasedeoperaciones/workspace/PLT/gems/io-console-0.7.1/ext/io/console
make DESTDIR\= sitearchdir\=./.gem.20231221-15848-wafv2h sitelibdir\=./.gem.20231221-15848-wafv2h
compiling console.c
linking shared-object io/console.bundle
ld: warning: ignoring duplicate libraries: '-lruby.3.2'

current directory: /Users/labasedeoperaciones/workspace/PLT/gems/io-console-0.7.1/ext/io/console
make DESTDIR\= sitearchdir\=./.gem.20231221-15848-wafv2h sitelibdir\=./.gem.20231221-15848-wafv2h install
/opt/homebrew/bin/ginstall -c -m 0755 console.bundle ./.gem.20231221-15848-wafv2h/io

current directory: /Users/labasedeoperaciones/workspace/PLT/gems/io-console-0.7.1/ext/io/console
make DESTDIR\= sitearchdir\=./.gem.20231221-15848-wafv2h sitelibdir\=./.gem.20231221-15848-wafv2h clean
