current directory: /Users/labasedeoperaciones/workspace/PLT/gems/date-3.3.4/ext/date
/Users/labasedeoperaciones/.rbenv/versions/3.2.2/bin/ruby extconf.rb
checking for rb_category_warn()... yes
checking for timezone in time.h with  -Werror... yes
checking for altzone in time.h with  -Werror... no
creating Makefile

current directory: /Users/labasedeoperaciones/workspace/PLT/gems/date-3.3.4/ext/date
make DESTDIR\= sitearchdir\=./.gem.20231221-15848-g4pbss sitelibdir\=./.gem.20231221-15848-g4pbss clean

current directory: /Users/labasedeoperaciones/workspace/PLT/gems/date-3.3.4/ext/date
make DESTDIR\= sitearchdir\=./.gem.20231221-15848-g4pbss sitelibdir\=./.gem.20231221-15848-g4pbss
compiling date_core.c
compiling date_parse.c
compiling date_strftime.c
compiling date_strptime.c
linking shared-object date_core.bundle
ld: warning: ignoring duplicate libraries: '-lruby.3.2'

current directory: /Users/labasedeoperaciones/workspace/PLT/gems/date-3.3.4/ext/date
make DESTDIR\= sitearchdir\=./.gem.20231221-15848-g4pbss sitelibdir\=./.gem.20231221-15848-g4pbss install
/opt/homebrew/bin/ginstall -c -m 0755 date_core.bundle ./.gem.20231221-15848-g4pbss

current directory: /Users/labasedeoperaciones/workspace/PLT/gems/date-3.3.4/ext/date
make DESTDIR\= sitearchdir\=./.gem.20231221-15848-g4pbss sitelibdir\=./.gem.20231221-15848-g4pbss clean
