current directory: /Users/labasedeoperaciones/workspace/PLT/gems/psych-5.1.2/ext/psych
/Users/labasedeoperaciones/.rbenv/versions/3.2.2/bin/ruby extconf.rb
checking for yaml.h... yes
checking for yaml_get_version() in -lyaml... yes
creating Makefile

current directory: /Users/labasedeoperaciones/workspace/PLT/gems/psych-5.1.2/ext/psych
make DESTDIR\= sitearchdir\=./.gem.20231221-15848-yidsr1 sitelibdir\=./.gem.20231221-15848-yidsr1 clean
cd libyaml && /Applications/Xcode.app/Contents/Developer/usr/bin/make clean
/bin/sh: line 0: cd: libyaml: No such file or directory
make: [clean-so] Error 1 (ignored)

current directory: /Users/labasedeoperaciones/workspace/PLT/gems/psych-5.1.2/ext/psych
make DESTDIR\= sitearchdir\=./.gem.20231221-15848-yidsr1 sitelibdir\=./.gem.20231221-15848-yidsr1
compiling psych.c
compiling psych_emitter.c
compiling psych_parser.c
compiling psych_to_ruby.c
compiling psych_yaml_tree.c
linking shared-object psych.bundle
ld: warning: ignoring duplicate libraries: '-lruby.3.2', '-lyaml'

current directory: /Users/labasedeoperaciones/workspace/PLT/gems/psych-5.1.2/ext/psych
make DESTDIR\= sitearchdir\=./.gem.20231221-15848-yidsr1 sitelibdir\=./.gem.20231221-15848-yidsr1 install
/opt/homebrew/bin/ginstall -c -m 0755 psych.bundle ./.gem.20231221-15848-yidsr1

current directory: /Users/labasedeoperaciones/workspace/PLT/gems/psych-5.1.2/ext/psych
make DESTDIR\= sitearchdir\=./.gem.20231221-15848-yidsr1 sitelibdir\=./.gem.20231221-15848-yidsr1 clean
cd libyaml && /Applications/Xcode.app/Contents/Developer/usr/bin/make clean
/bin/sh: line 0: cd: libyaml: No such file or directory
make: [clean-so] Error 1 (ignored)
